<?xml version="1.0" encoding="UTF-8"?>
<!-- Generated by org.testng.reporters.JUnitReportReporter -->
<testsuite hostname="Shofins-MacBook-Pro.local" failures="0" tests="1" name="mobile.SampleMobileTest" time="19.318" errors="0" timestamp="2024-11-09T20:57:40 BDT" skipped="0">
  <testcase classname="mobile.SampleMobileTest" name="testMobileApp" time="19.318"/>
  <system-out/>
</testsuite> <!-- mobile.SampleMobileTest -->
