<?xml version="1.0" encoding="UTF-8"?>
<!-- Generated by org.testng.reporters.JUnitReportReporter -->
<testsuite hostname="Shofins-MacBook-Pro.local" failures="0" tests="4" name="web.SampleWebTest" time="42.770" errors="0" timestamp="2024-11-18T01:59:03 BDT" skipped="0">
  <testcase classname="web.SampleWebTest" name="testGoogleHomePage" time="7.691"/>
  <system-out/>
  <testcase classname="web.SampleWebTest" name="testBingHomePage" time="12.231"/>
  <system-out/>
  <testcase classname="web.SampleWebTest" name="testBingHomePage" time="13.570"/>
  <system-out/>
  <testcase classname="web.SampleWebTest" name="testGoogleHomePage" time="9.278"/>
  <system-out/>
</testsuite> <!-- web.SampleWebTest -->
