<?xml version="1.0" encoding="UTF-8"?>
<!-- Generated by org.testng.reporters.JUnitReportReporter -->
<testsuite hostname="BS00880s-MacBook-Pro.local" failures="0" tests="4" name="web.SampleWebTest" time="35.702" errors="0" timestamp="2024-12-29T17:22:21 GMT+06:00" skipped="0">
  <testcase classname="web.SampleWebTest" name="testBingHomePage" time="9.337"/>
  <system-out/>
  <testcase classname="web.SampleWebTest" name="testGoogleHomePage" time="9.464"/>
  <system-out/>
  <testcase classname="web.SampleWebTest" name="testBingHomePage" time="8.378"/>
  <system-out/>
  <testcase classname="web.SampleWebTest" name="testGoogleHomePage" time="8.523"/>
  <system-out/>
</testsuite> <!-- web.SampleWebTest -->
