<?xml version="1.0" encoding="UTF-8"?>
<!-- Generated by org.testng.reporters.JUnitReportReporter -->
<testsuite hostname="BS00880s-MacBook-Pro.local" failures="0" tests="1" name="day1.TokenInjectSample" time="2.444" errors="1" timestamp="2025-01-23T15:19:19 GMT+06:00" skipped="0">
  <testcase classname="day1.TokenInjectSample" name="testTokenInject" time="2.444">
    <error message="Document is cookie-averse
Build info: version: &#039;4.26.0&#039;, revision: &#039;8ccf0219d7&#039;
System info: os.name: &#039;Mac OS X&#039;, os.arch: &#039;aarch64&#039;, os.version: &#039;14.6.1&#039;, java.version: &#039;23.0.1&#039;
Driver info: org.openqa.selenium.firefox.FirefoxDriver
Command: [25fb34ca-9e6c-464b-9123-ce590fa5c466, addCookie {cookie=authToken=Bearer eyJhbGciOiJSUzI1NiIsInR5cCI6ImF0K2p3dCJ9.eyJuYmYiOjE3Mzc2MjM5MTksImV4cCI6MTczNzcxMDMxOSwiaXNzIjoiaHR0cDovL3RyYWluLWlhbS5zaG9ob3ouY29tIiwiYXVkIjoic2hvaG96LmlhbS50cmFpbiIsImNsaWVudF9pZCI6InRyYWluLXRpY2tldC11c2VyIiwiY2xpZW50X3RlbmFudF9pZCI6IjY3YTUxNjNjLTU2NWQtNGNhMC1iMTE3LTg3YzcwMWY2NTRmOSIsImNsaWVudF92ZXJ0aWNhbF9pZCI6IjA2OGU4MDRmLTJkYjctNDQ4OS05OTYzLTc4OWZiN2UwMmJkZiIsInN1YiI6Ijg5MTg5NWY3LTU5NDAtNDQ2Yi1hNzc3LTAwNDE2MDY3OTI0OCIsImF1dGhfdGltZSI6MTczNzYyMzkxOSwiaWRwIjoibG9jYWwiLCJwaG9uZV9udW1iZXIiOiIwMTc4MzY5Nzk2NSIsImVtYWlsIjoibWFuanVyYW1haGlAZ21haWwuY29tIiwidXNlcm5hbWUiOiIwMTc4MzY5Nzk2NSIsImRpc3BsYXlfbmFtZSI6Ik1PU1QuIE1BTkpVUkEgU0hBSEFSSUEgTUFISSIsImxvY2FsZSI6ImJuLUJEIiwibmlkbiI6IjI0MDk2MzM5ODUiLCJuaWRudCI6Ik5JRCIsInJvbGUiOlsidXNlciIsImFub255bW91cyJdLCJzY29wZSI6WyJzaG9ob3ouaWFtLnRyYWluIiwib2ZmbGluZV9hY2Nlc3MiXSwiYW1yIjpbInB3ZCJdfQ.YwkR4Ck702xEXKuidDRWJkaMSnx57u6gqkGvyp5Cq7m-Jc6GusTd6J5junX-k8hiXTI7btVJKB0fQOB5LHS8s8QIqtKIyG_Rx66CddyD37FqVCO5tDOh9ghyTXpKGf3r1ZKy8QYnWjuma5qDtluSdlTE3rLpYpILt0m7STA6dbys1Ii7CSRSHYekgN5U0stQX4HeE38ibwORUWalYVhRS6N_wi5eO8UHdb8GN2VeBhvtts_xhc7M0CHVUcGK2EXu9wi-wEBDM_RYRb_sVbyAJ2M4iDNigDqa-IRRZWf9lOOHwqqkmXcISYN2AIxWJ8xEYzgD0FbEbROHloqCQWwUOw; path=/}]
Capabilities {acceptInsecureCerts: true, browserName: firefox, browserVersion: 133.0.3, moz:accessibilityChecks: false, moz:buildID: 20241209150345, moz:debuggerAddress: 127.0.0.1:4964, moz:geckodriverVersion: 0.35.0, moz:headless: false, moz:platformVersion: 23.6.0, moz:processID: 97659, moz:profile: /var/folders/cv/b2wk57dn5kz..., moz:shutdownTimeout: 60000, moz:webdriverClick: true, moz:windowless: false, pageLoadStrategy: normal, platformName: mac, proxy: Proxy(), se:cdp: ws://127.0.0.1:4964/devtool..., se:cdpVersion: 85.0, setWindowRect: true, strictFileInteractability: false, timeouts: {implicit: 0, pageLoad: 300000, script: 30000}, unhandledPromptBehavior: dismiss and notify, userAgent: Mozilla/5.0 (Macintosh; Int...}
Session ID: 25fb34ca-9e6c-464b-9123-ce590fa5c466" type="org.openqa.selenium.InvalidCookieDomainException">
      <![CDATA[org.openqa.selenium.InvalidCookieDomainException: Document is cookie-averse
Build info: version: '4.26.0', revision: '8ccf0219d7'
System info: os.name: 'Mac OS X', os.arch: 'aarch64', os.version: '14.6.1', java.version: '23.0.1'
Driver info: org.openqa.selenium.firefox.FirefoxDriver
Command: [25fb34ca-9e6c-464b-9123-ce590fa5c466, addCookie {cookie=authToken=Bearer eyJhbGciOiJSUzI1NiIsInR5cCI6ImF0K2p3dCJ9.eyJuYmYiOjE3Mzc2MjM5MTksImV4cCI6MTczNzcxMDMxOSwiaXNzIjoiaHR0cDovL3RyYWluLWlhbS5zaG9ob3ouY29tIiwiYXVkIjoic2hvaG96LmlhbS50cmFpbiIsImNsaWVudF9pZCI6InRyYWluLXRpY2tldC11c2VyIiwiY2xpZW50X3RlbmFudF9pZCI6IjY3YTUxNjNjLTU2NWQtNGNhMC1iMTE3LTg3YzcwMWY2NTRmOSIsImNsaWVudF92ZXJ0aWNhbF9pZCI6IjA2OGU4MDRmLTJkYjctNDQ4OS05OTYzLTc4OWZiN2UwMmJkZiIsInN1YiI6Ijg5MTg5NWY3LTU5NDAtNDQ2Yi1hNzc3LTAwNDE2MDY3OTI0OCIsImF1dGhfdGltZSI6MTczNzYyMzkxOSwiaWRwIjoibG9jYWwiLCJwaG9uZV9udW1iZXIiOiIwMTc4MzY5Nzk2NSIsImVtYWlsIjoibWFuanVyYW1haGlAZ21haWwuY29tIiwidXNlcm5hbWUiOiIwMTc4MzY5Nzk2NSIsImRpc3BsYXlfbmFtZSI6Ik1PU1QuIE1BTkpVUkEgU0hBSEFSSUEgTUFISSIsImxvY2FsZSI6ImJuLUJEIiwibmlkbiI6IjI0MDk2MzM5ODUiLCJuaWRudCI6Ik5JRCIsInJvbGUiOlsidXNlciIsImFub255bW91cyJdLCJzY29wZSI6WyJzaG9ob3ouaWFtLnRyYWluIiwib2ZmbGluZV9hY2Nlc3MiXSwiYW1yIjpbInB3ZCJdfQ.YwkR4Ck702xEXKuidDRWJkaMSnx57u6gqkGvyp5Cq7m-Jc6GusTd6J5junX-k8hiXTI7btVJKB0fQOB5LHS8s8QIqtKIyG_Rx66CddyD37FqVCO5tDOh9ghyTXpKGf3r1ZKy8QYnWjuma5qDtluSdlTE3rLpYpILt0m7STA6dbys1Ii7CSRSHYekgN5U0stQX4HeE38ibwORUWalYVhRS6N_wi5eO8UHdb8GN2VeBhvtts_xhc7M0CHVUcGK2EXu9wi-wEBDM_RYRb_sVbyAJ2M4iDNigDqa-IRRZWf9lOOHwqqkmXcISYN2AIxWJ8xEYzgD0FbEbROHloqCQWwUOw; path=/}]
Capabilities {acceptInsecureCerts: true, browserName: firefox, browserVersion: 133.0.3, moz:accessibilityChecks: false, moz:buildID: 20241209150345, moz:debuggerAddress: 127.0.0.1:4964, moz:geckodriverVersion: 0.35.0, moz:headless: false, moz:platformVersion: 23.6.0, moz:processID: 97659, moz:profile: /var/folders/cv/b2wk57dn5kz..., moz:shutdownTimeout: 60000, moz:webdriverClick: true, moz:windowless: false, pageLoadStrategy: normal, platformName: mac, proxy: Proxy(), se:cdp: ws://127.0.0.1:4964/devtool..., se:cdpVersion: 85.0, setWindowRect: true, strictFileInteractability: false, timeouts: {implicit: 0, pageLoad: 300000, script: 30000}, unhandledPromptBehavior: dismiss and notify, userAgent: Mozilla/5.0 (Macintosh; Int...}
Session ID: 25fb34ca-9e6c-464b-9123-ce590fa5c466
at java.base/jdk.internal.reflect.DirectConstructorHandleAccessor.newInstance(DirectConstructorHandleAccessor.java:62)
at java.base/java.lang.reflect.Constructor.newInstanceWithCaller(Constructor.java:501)
at java.base/java.lang.reflect.Constructor.newInstance(Constructor.java:485)
at org.openqa.selenium.remote.ErrorCodec.decode(ErrorCodec.java:167)
at org.openqa.selenium.remote.codec.w3c.W3CHttpResponseCodec.decode(W3CHttpResponseCodec.java:138)
at org.openqa.selenium.remote.codec.w3c.W3CHttpResponseCodec.decode(W3CHttpResponseCodec.java:50)
at org.openqa.selenium.remote.HttpCommandExecutor.execute(HttpCommandExecutor.java:190)
at org.openqa.selenium.remote.service.DriverCommandExecutor.invokeExecute(DriverCommandExecutor.java:216)
at org.openqa.selenium.remote.service.DriverCommandExecutor.execute(DriverCommandExecutor.java:174)
at org.openqa.selenium.remote.RemoteWebDriver.execute(RemoteWebDriver.java:545)
at org.openqa.selenium.remote.RemoteWebDriver$RemoteWebDriverOptions.addCookie(RemoteWebDriver.java:867)
at day1.TokenInjectSample.testTokenInject(TokenInjectSample.java:17)
at java.base/jdk.internal.reflect.DirectMethodHandleAccessor.invoke(DirectMethodHandleAccessor.java:103)
at java.base/java.lang.reflect.Method.invoke(Method.java:580)
at org.testng.internal.MethodInvocationHelper.invokeMethod(MethodInvocationHelper.java:133)
at org.testng.internal.TestInvoker.invokeMethod(TestInvoker.java:598)
at org.testng.internal.TestInvoker.invokeTestMethod(TestInvoker.java:173)
at org.testng.internal.MethodRunner.runInSequence(MethodRunner.java:46)
at org.testng.internal.TestInvoker$MethodInvocationAgent.invoke(TestInvoker.java:824)
at org.testng.internal.TestInvoker.invokeTestMethods(TestInvoker.java:146)
at org.testng.internal.TestMethodWorker.invokeTestMethods(TestMethodWorker.java:146)
at org.testng.internal.TestMethodWorker.run(TestMethodWorker.java:128)
at java.base/java.util.ArrayList.forEach(ArrayList.java:1597)
at org.testng.TestRunner.privateRun(TestRunner.java:794)
at org.testng.TestRunner.run(TestRunner.java:596)
at org.testng.SuiteRunner.runTest(SuiteRunner.java:377)
at org.testng.SuiteRunner.runSequentially(SuiteRunner.java:371)
at org.testng.SuiteRunner.privateRun(SuiteRunner.java:332)
at org.testng.SuiteRunner.run(SuiteRunner.java:276)
at org.testng.SuiteRunnerWorker.runSuite(SuiteRunnerWorker.java:53)
at org.testng.SuiteRunnerWorker.run(SuiteRunnerWorker.java:96)
at org.testng.TestNG.runSuitesSequentially(TestNG.java:1212)
at org.testng.TestNG.runSuitesLocally(TestNG.java:1134)
at org.testng.TestNG.runSuites(TestNG.java:1063)
at org.testng.TestNG.run(TestNG.java:1031)
at org.testng.remote.AbstractRemoteTestNG.run(AbstractRemoteTestNG.java:115)
at org.testng.remote.RemoteTestNG.initAndRun(RemoteTestNG.java:293)
at org.testng.remote.RemoteTestNG.main(RemoteTestNG.java:91)
]]>
    </error>
  </testcase> <!-- testTokenInject -->
  <system-out/>
</testsuite> <!-- day1.TokenInjectSample -->
