<?xml version="1.0" encoding="UTF-8"?>
<!-- Generated by org.testng.reporters.JUnitReportReporter -->
<testsuite hostname="BS00880s-MacBook-Pro.local" failures="0" tests="4" name="web.SampleWebTest" time="44.663" errors="0" timestamp="2025-01-21T00:28:04 GMT+06:00" skipped="0">
  <testcase classname="web.SampleWebTest" name="testGoogleHomePage" time="10.968"/>
  <system-out/>
  <testcase classname="web.SampleWebTest" name="testBingHomePage" time="16.671"/>
  <system-out/>
  <testcase classname="web.SampleWebTest" name="testBingHomePage" time="9.064"/>
  <system-out/>
  <testcase classname="web.SampleWebTest" name="testGoogleHomePage" time="7.960"/>
  <system-out/>
</testsuite> <!-- web.SampleWebTest -->
