<?xml version="1.0" encoding="UTF-8"?>
<!-- Generated by org.testng.reporters.JUnitReportReporter -->
<testsuite hostname="BS00880s-MacBook-Pro.local" failures="0" tests="4" name="web.SampleWebTest" time="35.579" errors="0" timestamp="2024-11-19T15:45:33 GMT+06:00" skipped="0">
  <testcase classname="web.SampleWebTest" name="testBingHomePage" time="9.439"/>
  <system-out/>
  <testcase classname="web.SampleWebTest" name="testBingHomePage" time="7.510"/>
  <system-out/>
  <testcase classname="web.SampleWebTest" name="testGoogleHomePage" time="8.954"/>
  <system-out/>
  <testcase classname="web.SampleWebTest" name="testGoogleHomePage" time="9.676"/>
  <system-out/>
</testsuite> <!-- web.SampleWebTest -->
