<?xml version="1.0" encoding="UTF-8"?>
<!-- Generated by org.testng.reporters.JUnitReportReporter -->
<testsuite hostname="BS00880s-MacBook-Pro.local" failures="0" tests="4" name="web.SampleWebTest" time="39.339" errors="0" timestamp="2025-01-21T01:00:24 GMT+06:00" skipped="0">
  <testcase classname="web.SampleWebTest" name="testGoogleHomePage" time="10.309"/>
  <system-out/>
  <testcase classname="web.SampleWebTest" name="testBingHomePage" time="8.686"/>
  <system-out/>
  <testcase classname="web.SampleWebTest" name="testGoogleHomePage" time="11.062"/>
  <system-out/>
  <testcase classname="web.SampleWebTest" name="testBingHomePage" time="9.282"/>
  <system-out/>
</testsuite> <!-- web.SampleWebTest -->
